# JRE version: Java(TM) SE Runtime Environment (16.0+36) (build 16+36-2231)
# Java VM: Java HotSpot(TM) 64-Bit Server VM (16+36-2231, mixed mode, sharing, tiered, compressed oops, g1 gc, windows-amd64)
GC Precious Log:
 CPUs: 6 total, 6 available
 Memory: 16158M
 Large Page Support: Disabled
 NUMA Support: Disabled
 Compressed Oops: Enabled (Zero based)
 Heap Region Size: 2M
 Heap Min Capacity: 8M
 Heap Initial Capacity: 254M
 Heap Max Capacity: 4040M
 Pre-touch: Disabled
 Parallel Workers: 6
 Concurrent Workers: 2
 Concurrent Refinement Workers: 6
 Periodic GC: Disabled
Heap:
 garbage-first heap   total 260096K, used 155514K [0x0000000703800000, 0x0000000800000000)
  region size 2048K, 56 young (114688K), 2 survivors (4096K)
 Metaspace       used 21011K, committed 21184K, reserved 1073152K
  class space    used 1826K, committed 1920K, reserved 1048576K
GC Heap History (12 events):
Event: 0.368 GC heap before
{Heap before GC invocations=0 (full 0):
 garbage-first heap   total 260096K, used 20480K [0x0000000703800000, 0x0000000800000000)
  region size 2048K, 10 young (20480K), 0 survivors (0K)
 Metaspace       used 738K, committed 960K, reserved 1056768K
  class space    used 18K, committed 128K, reserved 1048576K
}
Event: 0.373 GC heap after
{Heap after GC invocations=1 (full 0):
 garbage-first heap   total 260096K, used 14953K [0x0000000703800000, 0x0000000800000000)
  region size 2048K, 2 young (4096K), 2 survivors (4096K)
 Metaspace       used 738K, committed 960K, reserved 1056768K
  class space    used 18K, committed 128K, reserved 1048576K
}
Event: 0.530 GC heap before
{Heap before GC invocations=1 (full 0):
 garbage-first heap   total 260096K, used 37481K [0x0000000703800000, 0x0000000800000000)
  region size 2048K, 7 young (14336K), 2 survivors (4096K)
 Metaspace       used 1688K, committed 1792K, reserved 1056768K
  class space    used 112K, committed 192K, reserved 1048576K
}
Event: 0.532 GC heap after
{Heap after GC invocations=2 (full 0):
 garbage-first heap   total 260096K, used 29440K [0x0000000703800000, 0x0000000800000000)
  region size 2048K, 1 young (2048K), 1 survivors (2048K)
 Metaspace       used 1688K, committed 1792K, reserved 1056768K
  class space    used 112K, committed 192K, reserved 1048576K
}
Event: 0.794 GC heap before
{Heap before GC invocations=2 (full 0):
 garbage-first heap   total 260096K, used 58112K [0x0000000703800000, 0x0000000800000000)
  region size 2048K, 15 young (30720K), 1 survivors (2048K)
 Metaspace       used 2886K, committed 3072K, reserved 1056768K
  class space    used 187K, committed 256K, reserved 1048576K
}
Event: 0.795 GC heap after
{Heap after GC invocations=3 (full 0):
 garbage-first heap   total 260096K, used 28581K [0x0000000703800000, 0x0000000800000000)
  region size 2048K, 1 young (2048K), 1 survivors (2048K)
 Metaspace       used 2886K, committed 3072K, reserved 1056768K
  class space    used 187K, committed 256K, reserved 1048576K
}
Event: 2.075 GC heap before
{Heap before GC invocations=3 (full 0):
 garbage-first heap   total 260096K, used 188325K [0x0000000703800000, 0x0000000800000000)
  region size 2048K, 76 young (155648K), 1 survivors (2048K)
 Metaspace       used 7235K, committed 7424K, reserved 1064960K
  class space    used 244K, committed 320K, reserved 1048576K
}
Event: 2.077 GC heap after
{Heap after GC invocations=4 (full 0):
 garbage-first heap   total 260096K, used 29252K [0x0000000703800000, 0x0000000800000000)
  region size 2048K, 1 young (2048K), 1 survivors (2048K)
 Metaspace       used 7235K, committed 7424K, reserved 1064960K
  class space    used 244K, committed 320K, reserved 1048576K
}
Event: 2.972 GC heap before
{Heap before GC invocations=4 (full 0):
 garbage-first heap   total 260096K, used 182852K [0x0000000703800000, 0x0000000800000000)
  region size 2048K, 76 young (155648K), 1 survivors (2048K)
 Metaspace       used 7240K, committed 7424K, reserved 1064960K
  class space    used 244K, committed 320K, reserved 1048576K
}
Event: 2.973 GC heap after
{Heap after GC invocations=5 (full 0):
 garbage-first heap   total 260096K, used 29287K [0x0000000703800000, 0x0000000800000000)
  region size 2048K, 1 young (2048K), 1 survivors (2048K)
 Metaspace       used 7240K, committed 7424K, reserved 1064960K
  class space    used 244K, committed 320K, reserved 1048576K
}
Event: 4.413 GC heap before
{Heap before GC invocations=5 (full 0):
 garbage-first heap   total 260096K, used 195175K [0x0000000703800000, 0x0000000800000000)
  region size 2048K, 76 young (155648K), 1 survivors (2048K)
 Metaspace       used 15342K, committed 15552K, reserved 1064960K
  class space    used 1437K, committed 1536K, reserved 1048576K
}
Event: 4.415 GC heap after
{Heap after GC invocations=6 (full 0):
 garbage-first heap   total 260096K, used 42874K [0x0000000703800000, 0x0000000800000000)
  region size 2048K, 2 young (4096K), 2 survivors (4096K)
 Metaspace       used 15342K, committed 15552K, reserved 1064960K
  class space    used 1437K, committed 1536K, reserved 1048576K
}

