# JRE version: Java(TM) SE Runtime Environment (16.0+36) (build 16+36-2231)
# Java VM: Java HotSpot(TM) 64-Bit Server VM (16+36-2231, mixed mode, sharing, tiered, compressed oops, g1 gc, windows-amd64)
GC Precious Log:
 CPUs: 6 total, 6 available
 Memory: 16158M
 Large Page Support: Disabled
 NUMA Support: Disabled
 Compressed Oops: Enabled (Zero based)
 Heap Region Size: 2M
 Heap Min Capacity: 8M
 Heap Initial Capacity: 254M
 Heap Max Capacity: 4040M
 Pre-touch: Disabled
 Parallel Workers: 6
 Concurrent Workers: 2
 Concurrent Refinement Workers: 6
 Periodic GC: Disabled
Heap:
 garbage-first heap   total 178176K, used 126997K [0x0000000703800000, 0x0000000800000000)
  region size 2048K, 34 young (69632K), 6 survivors (12288K)
 Metaspace       used 39770K, committed 40000K, reserved 1089536K
  class space    used 3860K, committed 3968K, reserved 1048576K
GC Heap History (18 events):
Event: 0.519 GC heap before
{Heap before GC invocations=0 (full 0):
 garbage-first heap   total 260096K, used 20480K [0x0000000703800000, 0x0000000800000000)
  region size 2048K, 10 young (20480K), 0 survivors (0K)
 Metaspace       used 740K, committed 960K, reserved 1056768K
  class space    used 18K, committed 128K, reserved 1048576K
}
Event: 0.524 GC heap after
{Heap after GC invocations=1 (full 0):
 garbage-first heap   total 260096K, used 16951K [0x0000000703800000, 0x0000000800000000)
  region size 2048K, 2 young (4096K), 2 survivors (4096K)
 Metaspace       used 740K, committed 960K, reserved 1056768K
  class space    used 18K, committed 128K, reserved 1048576K
}
Event: 0.838 GC heap before
{Heap before GC invocations=1 (full 0):
 garbage-first heap   total 260096K, used 39479K [0x0000000703800000, 0x0000000800000000)
  region size 2048K, 7 young (14336K), 2 survivors (4096K)
 Metaspace       used 1668K, committed 1792K, reserved 1056768K
  class space    used 113K, committed 192K, reserved 1048576K
}
Event: 0.840 GC heap after
{Heap after GC invocations=2 (full 0):
 garbage-first heap   total 260096K, used 30842K [0x0000000703800000, 0x0000000800000000)
  region size 2048K, 1 young (2048K), 1 survivors (2048K)
 Metaspace       used 1668K, committed 1792K, reserved 1056768K
  class space    used 113K, committed 192K, reserved 1048576K
}
Event: 1.098 GC heap before
{Heap before GC invocations=2 (full 0):
 garbage-first heap   total 260096K, used 59514K [0x0000000703800000, 0x0000000800000000)
  region size 2048K, 15 young (30720K), 1 survivors (2048K)
 Metaspace       used 2884K, committed 3008K, reserved 1056768K
  class space    used 188K, committed 256K, reserved 1048576K
}
Event: 1.099 GC heap after
{Heap after GC invocations=3 (full 0):
 garbage-first heap   total 260096K, used 29980K [0x0000000703800000, 0x0000000800000000)
  region size 2048K, 1 young (2048K), 1 survivors (2048K)
 Metaspace       used 2884K, committed 3008K, reserved 1056768K
  class space    used 188K, committed 256K, reserved 1048576K
}
Event: 2.621 GC heap before
{Heap before GC invocations=3 (full 0):
 garbage-first heap   total 260096K, used 187676K [0x0000000703800000, 0x0000000800000000)
  region size 2048K, 76 young (155648K), 1 survivors (2048K)
 Metaspace       used 7226K, committed 7424K, reserved 1064960K
  class space    used 245K, committed 320K, reserved 1048576K
}
Event: 2.623 GC heap after
{Heap after GC invocations=4 (full 0):
 garbage-first heap   total 260096K, used 30674K [0x0000000703800000, 0x0000000800000000)
  region size 2048K, 1 young (2048K), 1 survivors (2048K)
 Metaspace       used 7226K, committed 7424K, reserved 1064960K
  class space    used 245K, committed 320K, reserved 1048576K
}
Event: 3.677 GC heap before
{Heap before GC invocations=4 (full 0):
 garbage-first heap   total 260096K, used 184274K [0x0000000703800000, 0x0000000800000000)
  region size 2048K, 76 young (155648K), 1 survivors (2048K)
 Metaspace       used 7229K, committed 7424K, reserved 1064960K
  class space    used 245K, committed 320K, reserved 1048576K
}
Event: 3.679 GC heap after
{Heap after GC invocations=5 (full 0):
 garbage-first heap   total 260096K, used 30710K [0x0000000703800000, 0x0000000800000000)
  region size 2048K, 1 young (2048K), 1 survivors (2048K)
 Metaspace       used 7229K, committed 7424K, reserved 1064960K
  class space    used 245K, committed 320K, reserved 1048576K
}
Event: 5.424 GC heap before
{Heap before GC invocations=5 (full 0):
 garbage-first heap   total 260096K, used 194550K [0x0000000703800000, 0x0000000800000000)
  region size 2048K, 76 young (155648K), 1 survivors (2048K)
 Metaspace       used 16158K, committed 16320K, reserved 1064960K
  class space    used 1532K, committed 1600K, reserved 1048576K
}
Event: 5.427 GC heap after
{Heap after GC invocations=6 (full 0):
 garbage-first heap   total 260096K, used 45288K [0x0000000703800000, 0x0000000800000000)
  region size 2048K, 3 young (6144K), 3 survivors (6144K)
 Metaspace       used 16158K, committed 16320K, reserved 1064960K
  class space    used 1532K, committed 1600K, reserved 1048576K
}
Event: 5.891 GC heap before
{Heap before GC invocations=6 (full 0):
 garbage-first heap   total 260096K, used 88296K [0x0000000703800000, 0x0000000800000000)
  region size 2048K, 26 young (53248K), 3 survivors (6144K)
 Metaspace       used 21113K, committed 21248K, reserved 1073152K
  class space    used 2020K, committed 2112K, reserved 1048576K
}
Event: 5.895 GC heap after
{Heap after GC invocations=7 (full 0):
 garbage-first heap   total 260096K, used 48786K [0x0000000703800000, 0x0000000800000000)
  region size 2048K, 4 young (8192K), 4 survivors (8192K)
 Metaspace       used 21113K, committed 21248K, reserved 1073152K
  class space    used 2020K, committed 2112K, reserved 1048576K
}
Event: 22.402 GC heap before
{Heap before GC invocations=8 (full 0):
 garbage-first heap   total 178176K, used 130706K [0x0000000703800000, 0x0000000800000000)
  region size 2048K, 42 young (86016K), 4 survivors (8192K)
 Metaspace       used 35412K, committed 35648K, reserved 1081344K
  class space    used 3576K, committed 3712K, reserved 1048576K
}
Event: 22.409 GC heap after
{Heap after GC invocations=9 (full 0):
 garbage-first heap   total 178176K, used 57108K [0x0000000703800000, 0x0000000800000000)
  region size 2048K, 6 young (12288K), 6 survivors (12288K)
 Metaspace       used 35412K, committed 35648K, reserved 1081344K
  class space    used 3576K, committed 3712K, reserved 1048576K
}
Event: 419.460 GC heap before
{Heap before GC invocations=10 (full 0):
 garbage-first heap   total 178176K, used 139028K [0x0000000703800000, 0x0000000800000000)
  region size 2048K, 46 young (94208K), 6 survivors (12288K)
 Metaspace       used 38024K, committed 38272K, reserved 1089536K
  class space    used 3796K, committed 3904K, reserved 1048576K
}
Event: 419.478 GC heap after
{Heap after GC invocations=11 (full 0):
 garbage-first heap   total 178176K, used 73749K [0x0000000703800000, 0x0000000800000000)
  region size 2048K, 6 young (12288K), 6 survivors (12288K)
 Metaspace       used 38024K, committed 38272K, reserved 1089536K
  class space    used 3796K, committed 3904K, reserved 1048576K
}

