# JRE version: Java(TM) SE Runtime Environment (16.0+36) (build 16+36-2231)
# Java VM: Java HotSpot(TM) 64-Bit Server VM (16+36-2231, mixed mode, sharing, tiered, compressed oops, g1 gc, windows-amd64)
GC Precious Log:
 CPUs: 6 total, 6 available
 Memory: 16158M
 Large Page Support: Disabled
 NUMA Support: Disabled
 Compressed Oops: Enabled (Zero based)
 Heap Region Size: 2M
 Heap Min Capacity: 8M
 Heap Initial Capacity: 254M
 Heap Max Capacity: 4040M
 Pre-touch: Disabled
 Parallel Workers: 6
 Concurrent Workers: 2
 Concurrent Refinement Workers: 6
 Periodic GC: Disabled
Heap:
 garbage-first heap   total 178176K, used 119077K [0x0000000703800000, 0x0000000800000000)
  region size 2048K, 21 young (43008K), 4 survivors (8192K)
 Metaspace       used 40052K, committed 40256K, reserved 1089536K
  class space    used 3872K, committed 3968K, reserved 1048576K
GC Heap History (20 events):
Event: 0.456 GC heap before
{Heap before GC invocations=0 (full 0):
 garbage-first heap   total 260096K, used 20480K [0x0000000703800000, 0x0000000800000000)
  region size 2048K, 10 young (20480K), 0 survivors (0K)
 Metaspace       used 753K, committed 960K, reserved 1056768K
  class space    used 18K, committed 128K, reserved 1048576K
}
Event: 0.460 GC heap after
{Heap after GC invocations=1 (full 0):
 garbage-first heap   total 260096K, used 16645K [0x0000000703800000, 0x0000000800000000)
  region size 2048K, 2 young (4096K), 2 survivors (4096K)
 Metaspace       used 753K, committed 960K, reserved 1056768K
  class space    used 18K, committed 128K, reserved 1048576K
}
Event: 0.776 GC heap before
{Heap before GC invocations=1 (full 0):
 garbage-first heap   total 260096K, used 39173K [0x0000000703800000, 0x0000000800000000)
  region size 2048K, 7 young (14336K), 2 survivors (4096K)
 Metaspace       used 1696K, committed 1792K, reserved 1056768K
  class space    used 113K, committed 192K, reserved 1048576K
}
Event: 0.778 GC heap after
{Heap after GC invocations=2 (full 0):
 garbage-first heap   total 260096K, used 31013K [0x0000000703800000, 0x0000000800000000)
  region size 2048K, 1 young (2048K), 1 survivors (2048K)
 Metaspace       used 1696K, committed 1792K, reserved 1056768K
  class space    used 113K, committed 192K, reserved 1048576K
}
Event: 0.977 GC heap before
{Heap before GC invocations=2 (full 0):
 garbage-first heap   total 260096K, used 59685K [0x0000000703800000, 0x0000000800000000)
  region size 2048K, 15 young (30720K), 1 survivors (2048K)
 Metaspace       used 2891K, committed 3008K, reserved 1056768K
  class space    used 188K, committed 256K, reserved 1048576K
}
Event: 0.979 GC heap after
{Heap after GC invocations=3 (full 0):
 garbage-first heap   total 260096K, used 30294K [0x0000000703800000, 0x0000000800000000)
  region size 2048K, 1 young (2048K), 1 survivors (2048K)
 Metaspace       used 2891K, committed 3008K, reserved 1056768K
  class space    used 188K, committed 256K, reserved 1048576K
}
Event: 2.188 GC heap before
{Heap before GC invocations=3 (full 0):
 garbage-first heap   total 260096K, used 190038K [0x0000000703800000, 0x0000000800000000)
  region size 2048K, 76 young (155648K), 1 survivors (2048K)
 Metaspace       used 7201K, committed 7296K, reserved 1064960K
  class space    used 245K, committed 320K, reserved 1048576K
}
Event: 2.190 GC heap after
{Heap after GC invocations=4 (full 0):
 garbage-first heap   total 260096K, used 30864K [0x0000000703800000, 0x0000000800000000)
  region size 2048K, 1 young (2048K), 1 survivors (2048K)
 Metaspace       used 7201K, committed 7296K, reserved 1064960K
  class space    used 245K, committed 320K, reserved 1048576K
}
Event: 3.069 GC heap before
{Heap before GC invocations=4 (full 0):
 garbage-first heap   total 260096K, used 184464K [0x0000000703800000, 0x0000000800000000)
  region size 2048K, 76 young (155648K), 1 survivors (2048K)
 Metaspace       used 7209K, committed 7296K, reserved 1064960K
  class space    used 245K, committed 320K, reserved 1048576K
}
Event: 3.071 GC heap after
{Heap after GC invocations=5 (full 0):
 garbage-first heap   total 260096K, used 30908K [0x0000000703800000, 0x0000000800000000)
  region size 2048K, 1 young (2048K), 1 survivors (2048K)
 Metaspace       used 7209K, committed 7296K, reserved 1064960K
  class space    used 245K, committed 320K, reserved 1048576K
}
Event: 4.584 GC heap before
{Heap before GC invocations=5 (full 0):
 garbage-first heap   total 260096K, used 194748K [0x0000000703800000, 0x0000000800000000)
  region size 2048K, 76 young (155648K), 1 survivors (2048K)
 Metaspace       used 16146K, committed 16320K, reserved 1064960K
  class space    used 1532K, committed 1600K, reserved 1048576K
}
Event: 4.587 GC heap after
{Heap after GC invocations=6 (full 0):
 garbage-first heap   total 260096K, used 45639K [0x0000000703800000, 0x0000000800000000)
  region size 2048K, 3 young (6144K), 3 survivors (6144K)
 Metaspace       used 16146K, committed 16320K, reserved 1064960K
  class space    used 1532K, committed 1600K, reserved 1048576K
}
Event: 4.954 GC heap before
{Heap before GC invocations=6 (full 0):
 garbage-first heap   total 260096K, used 82503K [0x0000000703800000, 0x0000000800000000)
  region size 2048K, 23 young (47104K), 3 survivors (6144K)
 Metaspace       used 21097K, committed 21248K, reserved 1073152K
  class space    used 2021K, committed 2112K, reserved 1048576K
}
Event: 4.957 GC heap after
{Heap after GC invocations=7 (full 0):
 garbage-first heap   total 260096K, used 48899K [0x0000000703800000, 0x0000000800000000)
  region size 2048K, 4 young (8192K), 4 survivors (8192K)
 Metaspace       used 21097K, committed 21248K, reserved 1073152K
  class space    used 2021K, committed 2112K, reserved 1048576K
}
Event: 18.577 GC heap before
{Heap before GC invocations=8 (full 0):
 garbage-first heap   total 178176K, used 134915K [0x0000000703800000, 0x0000000800000000)
  region size 2048K, 41 young (83968K), 4 survivors (8192K)
 Metaspace       used 35440K, committed 35648K, reserved 1089536K
  class space    used 3566K, committed 3712K, reserved 1048576K
}
Event: 18.585 GC heap after
{Heap after GC invocations=9 (full 0):
 garbage-first heap   total 178176K, used 58752K [0x0000000703800000, 0x0000000800000000)
  region size 2048K, 6 young (12288K), 6 survivors (12288K)
 Metaspace       used 35440K, committed 35648K, reserved 1089536K
  class space    used 3566K, committed 3712K, reserved 1048576K
}
Event: 466.567 GC heap before
{Heap before GC invocations=10 (full 0):
 garbage-first heap   total 178176K, used 138624K [0x0000000703800000, 0x0000000800000000)
  region size 2048K, 45 young (92160K), 6 survivors (12288K)
 Metaspace       used 38243K, committed 38400K, reserved 1089536K
  class space    used 3809K, committed 3904K, reserved 1048576K
}
Event: 466.589 GC heap after
{Heap after GC invocations=11 (full 0):
 garbage-first heap   total 178176K, used 79168K [0x0000000703800000, 0x0000000800000000)
  region size 2048K, 6 young (12288K), 6 survivors (12288K)
 Metaspace       used 38243K, committed 38400K, reserved 1089536K
  class space    used 3809K, committed 3904K, reserved 1048576K
}
Event: 796.959 GC heap before
{Heap before GC invocations=11 (full 0):
 garbage-first heap   total 178176K, used 130368K [0x0000000703800000, 0x0000000800000000)
  region size 2048K, 31 young (63488K), 6 survivors (12288K)
 Metaspace       used 38377K, committed 38592K, reserved 1089536K
  class space    used 3809K, committed 3904K, reserved 1048576K
}
Event: 796.986 GC heap after
{Heap after GC invocations=12 (full 0):
 garbage-first heap   total 178176K, used 86309K [0x0000000703800000, 0x0000000800000000)
  region size 2048K, 4 young (8192K), 4 survivors (8192K)
 Metaspace       used 38377K, committed 38592K, reserved 1089536K
  class space    used 3809K, committed 3904K, reserved 1048576K
}

